<?xml version="1.0" encoding="UTF-8"?>
<!-- Generated by org.testng.reporters.JUnitReportReporter -->
<testsuite hostname="LAPTOP-RT3BFCH1" failures="0" tests="13" name="jovita.ae.Assignment.AESearchCCardCheckout" time="58.539" errors="0" timestamp="2022-04-02T13:16:40 EDT" skipped="0">
  <testcase classname="jovita.ae.Assignment.AESearchCCardCheckout" name="locateSearch" time="5.650"/>
  <system-out/>
  <testcase classname="jovita.ae.Assignment.AESearchCCardCheckout" name="locateProduct" time="7.249"/>
  <system-out/>
  <testcase classname="jovita.ae.Assignment.AESearchCCardCheckout" name="selectColor" time="4.299"/>
  <system-out/>
  <testcase classname="jovita.ae.Assignment.AESearchCCardCheckout" name="selectSize" time="4.277"/>
  <system-out/>
  <testcase classname="jovita.ae.Assignment.AESearchCCardCheckout" name="selectQuantity" time="0.126"/>
  <system-out/>
  <testcase classname="jovita.ae.Assignment.AESearchCCardCheckout" name="clickAddToBag" time="2.163"/>
  <system-out/>
  <testcase classname="jovita.ae.Assignment.AESearchCCardCheckout" name="clickViewBag" time="2.176"/>
  <system-out/>
  <testcase classname="jovita.ae.Assignment.AESearchCCardCheckout" name="proceedToCheckout" time="10.358"/>
  <system-out/>
  <testcase classname="jovita.ae.Assignment.AESearchCCardCheckout" name="personalInfo" time="8.892"/>
  <system-out/>
  <testcase classname="jovita.ae.Assignment.AESearchCCardCheckout" name="addressInfo" time="2.252"/>
  <system-out/>
  <testcase classname="jovita.ae.Assignment.AESearchCCardCheckout" name="creditCardDetails" time="2.130"/>
  <system-out/>
  <testcase classname="jovita.ae.Assignment.AESearchCCardCheckout" name="clickPlaceOrder" time="4.240"/>
  <system-out/>
  <testcase classname="jovita.ae.Assignment.AESearchCCardCheckout" name="orderConfirmationMessage" time="4.727"/>
  <system-out/>
</testsuite> <!-- jovita.ae.Assignment.AESearchCCardCheckout -->
