<?xml version="1.0" encoding="UTF-8"?>
<!-- Generated by org.testng.reporters.JUnitReportReporter -->
<testsuite hostname="LAPTOP-RT3BFCH1" failures="0" tests="12" name="jovita.ae.Assignment.AESearchGiftCardCheckout" time="65.710" errors="0" timestamp="2022-03-31T19:40:48 EDT" skipped="0">
  <testcase classname="jovita.ae.Assignment.AESearchGiftCardCheckout" name="locateSearch" time="5.647"/>
  <system-out/>
  <testcase classname="jovita.ae.Assignment.AESearchGiftCardCheckout" name="locateProduct" time="7.235"/>
  <system-out/>
  <testcase classname="jovita.ae.Assignment.AESearchGiftCardCheckout" name="selectColor" time="4.314"/>
  <system-out/>
  <testcase classname="jovita.ae.Assignment.AESearchGiftCardCheckout" name="selectSize" time="4.261"/>
  <system-out/>
  <testcase classname="jovita.ae.Assignment.AESearchGiftCardCheckout" name="selectQuantity" time="2.136"/>
  <system-out/>
  <testcase classname="jovita.ae.Assignment.AESearchGiftCardCheckout" name="clickAddToBag" time="2.167"/>
  <system-out/>
  <testcase classname="jovita.ae.Assignment.AESearchGiftCardCheckout" name="clickViewBag" time="2.193"/>
  <system-out/>
  <testcase classname="jovita.ae.Assignment.AESearchGiftCardCheckout" name="proceedToCheckout" time="10.338"/>
  <system-out/>
  <testcase classname="jovita.ae.Assignment.AESearchGiftCardCheckout" name="personalInfo" time="9.467"/>
  <system-out/>
  <testcase classname="jovita.ae.Assignment.AESearchGiftCardCheckout" name="addressInfo" time="2.236"/>
  <system-out/>
  <testcase classname="jovita.ae.Assignment.AESearchGiftCardCheckout" name="giftCardInfo" time="11.647"/>
  <system-out/>
  <testcase classname="jovita.ae.Assignment.AESearchGiftCardCheckout" name="ErrorMessage" time="4.069"/>
  <system-out/>
</testsuite> <!-- jovita.ae.Assignment.AESearchGiftCardCheckout -->
