<?xml version="1.0" encoding="UTF-8"?>
<!-- Generated by org.testng.reporters.JUnitReportReporter -->
<testsuite hostname="LAPTOP-RT3BFCH1" failures="0" tests="13" name="jovita.ae.Assignment.AESearchCCardCheckout" time="55.263" errors="0" timestamp="2022-03-31T19:28:02 EDT" skipped="0">
  <testcase classname="jovita.ae.Assignment.AESearchCCardCheckout" name="locateSearch" time="5.733"/>
  <system-out/>
  <testcase classname="jovita.ae.Assignment.AESearchCCardCheckout" name="locateProduct" time="7.253"/>
  <system-out/>
  <testcase classname="jovita.ae.Assignment.AESearchCCardCheckout" name="selectColor" time="2.358"/>
  <system-out/>
  <testcase classname="jovita.ae.Assignment.AESearchCCardCheckout" name="selectSize" time="2.257"/>
  <system-out/>
  <testcase classname="jovita.ae.Assignment.AESearchCCardCheckout" name="selectQuantity" time="0.115"/>
  <system-out/>
  <testcase classname="jovita.ae.Assignment.AESearchCCardCheckout" name="clickAddToBag" time="2.212"/>
  <system-out/>
  <testcase classname="jovita.ae.Assignment.AESearchCCardCheckout" name="clickViewBag" time="2.171"/>
  <system-out/>
  <testcase classname="jovita.ae.Assignment.AESearchCCardCheckout" name="proceedToCheckout" time="10.430"/>
  <system-out/>
  <testcase classname="jovita.ae.Assignment.AESearchCCardCheckout" name="personalInfo" time="9.810"/>
  <system-out/>
  <testcase classname="jovita.ae.Assignment.AESearchCCardCheckout" name="addressInfo" time="2.293"/>
  <system-out/>
  <testcase classname="jovita.ae.Assignment.AESearchCCardCheckout" name="creditCardDetails" time="2.180"/>
  <system-out/>
  <testcase classname="jovita.ae.Assignment.AESearchCCardCheckout" name="clickPlaceOrder" time="4.262"/>
  <system-out/>
  <testcase classname="jovita.ae.Assignment.AESearchCCardCheckout" name="orderConfirmationMessage" time="4.189"/>
  <system-out/>
</testsuite> <!-- jovita.ae.Assignment.AESearchCCardCheckout -->
