<?xml version="1.0" encoding="UTF-8"?>
<!-- Generated by org.testng.reporters.JUnitReportReporter -->
<testsuite hostname="LAPTOP-RT3BFCH1" failures="0" tests="10" name="jovita.ae.Assignment.AEPdpGiftCardCheckout" time="65.726" errors="0" timestamp="2022-03-31T18:25:00 EDT" skipped="0">
  <testcase classname="jovita.ae.Assignment.AEPdpGiftCardCheckout" name="color" time="9.272"/>
  <system-out/>
  <testcase classname="jovita.ae.Assignment.AEPdpGiftCardCheckout" name="size" time="4.288"/>
  <system-out/>
  <testcase classname="jovita.ae.Assignment.AEPdpGiftCardCheckout" name="noOfItems" time="2.127"/>
  <system-out/>
  <testcase classname="jovita.ae.Assignment.AEPdpGiftCardCheckout" name="addBag" time="2.157"/>
  <system-out/>
  <testcase classname="jovita.ae.Assignment.AEPdpGiftCardCheckout" name="viewBag" time="6.150"/>
  <system-out/>
  <testcase classname="jovita.ae.Assignment.AEPdpGiftCardCheckout" name="proceedCheckout" time="10.319"/>
  <system-out/>
  <testcase classname="jovita.ae.Assignment.AEPdpGiftCardCheckout" name="shippingInfo" time="11.470"/>
  <system-out/>
  <testcase classname="jovita.ae.Assignment.AEPdpGiftCardCheckout" name="address" time="4.269"/>
  <system-out/>
  <testcase classname="jovita.ae.Assignment.AEPdpGiftCardCheckout" name="GiftCardInfo" time="11.604"/>
  <system-out/>
  <testcase classname="jovita.ae.Assignment.AEPdpGiftCardCheckout" name="ErrorMessage" time="4.070"/>
  <system-out/>
</testsuite> <!-- jovita.ae.Assignment.AEPdpGiftCardCheckout -->
