<?xml version="1.0" encoding="UTF-8"?>
<!-- Generated by org.testng.reporters.JUnitReportReporter -->
<testsuite hostname="LAPTOP-RT3BFCH1" failures="0" tests="10" name="jovita.ae.Assignment.AEPdpGiftCardCheckout" time="66.007" errors="0" timestamp="2022-04-02T13:16:40 EDT" skipped="0">
  <testcase classname="jovita.ae.Assignment.AEPdpGiftCardCheckout" name="color" time="9.306"/>
  <system-out/>
  <testcase classname="jovita.ae.Assignment.AEPdpGiftCardCheckout" name="size" time="4.259"/>
  <system-out/>
  <testcase classname="jovita.ae.Assignment.AEPdpGiftCardCheckout" name="noOfItems" time="2.135"/>
  <system-out/>
  <testcase classname="jovita.ae.Assignment.AEPdpGiftCardCheckout" name="addBag" time="2.156"/>
  <system-out/>
  <testcase classname="jovita.ae.Assignment.AEPdpGiftCardCheckout" name="viewBag" time="6.153"/>
  <system-out/>
  <testcase classname="jovita.ae.Assignment.AEPdpGiftCardCheckout" name="proceedCheckout" time="10.386"/>
  <system-out/>
  <testcase classname="jovita.ae.Assignment.AEPdpGiftCardCheckout" name="shippingInfo" time="11.638"/>
  <system-out/>
  <testcase classname="jovita.ae.Assignment.AEPdpGiftCardCheckout" name="address" time="4.269"/>
  <system-out/>
  <testcase classname="jovita.ae.Assignment.AEPdpGiftCardCheckout" name="GiftCardInfo" time="11.638"/>
  <system-out/>
  <testcase classname="jovita.ae.Assignment.AEPdpGiftCardCheckout" name="ErrorMessage" time="4.067"/>
  <system-out/>
</testsuite> <!-- jovita.ae.Assignment.AEPdpGiftCardCheckout -->
