<?xml version="1.0" encoding="UTF-8"?>
<!-- Generated by org.testng.reporters.JUnitReportReporter -->
<testsuite hostname="LAPTOP-RT3BFCH1" failures="0" tests="11" name="jovita.ae.Assignment.AEPdpCreditCardCheckout" time="64.487" errors="0" timestamp="2022-04-02T13:16:40 EDT" skipped="0">
  <testcase classname="jovita.ae.Assignment.AEPdpCreditCardCheckout" name="color" time="10.254"/>
  <system-out/>
  <testcase classname="jovita.ae.Assignment.AEPdpCreditCardCheckout" name="size" time="4.244"/>
  <system-out/>
  <testcase classname="jovita.ae.Assignment.AEPdpCreditCardCheckout" name="noOfItems" time="2.123"/>
  <system-out/>
  <testcase classname="jovita.ae.Assignment.AEPdpCreditCardCheckout" name="addBag" time="2.146"/>
  <system-out/>
  <testcase classname="jovita.ae.Assignment.AEPdpCreditCardCheckout" name="viewBag" time="6.156"/>
  <system-out/>
  <testcase classname="jovita.ae.Assignment.AEPdpCreditCardCheckout" name="proceedCheckout" time="10.273"/>
  <system-out/>
  <testcase classname="jovita.ae.Assignment.AEPdpCreditCardCheckout" name="shippingInfo" time="10.839"/>
  <system-out/>
  <testcase classname="jovita.ae.Assignment.AEPdpCreditCardCheckout" name="address" time="4.260"/>
  <system-out/>
  <testcase classname="jovita.ae.Assignment.AEPdpCreditCardCheckout" name="CardInfo" time="3.913"/>
  <system-out/>
  <testcase classname="jovita.ae.Assignment.AEPdpCreditCardCheckout" name="placeOrder" time="6.217"/>
  <system-out/>
  <testcase classname="jovita.ae.Assignment.AEPdpCreditCardCheckout" name="OrderConfirmationTest" time="4.062"/>
  <system-out/>
</testsuite> <!-- jovita.ae.Assignment.AEPdpCreditCardCheckout -->
