<?xml version="1.0" encoding="UTF-8"?>
<!-- Generated by org.testng.reporters.JUnitReportReporter -->
<testsuite hostname="LAPTOP-RT3BFCH1" failures="0" tests="10" name="aeAssignmentDemo.AEGiftCardTest" time="66.100" errors="0" timestamp="2022-03-31T07:13:18 EDT" skipped="0">
  <testcase classname="aeAssignmentDemo.AEGiftCardTest" name="color" time="9.252"/>
  <system-out/>
  <testcase classname="aeAssignmentDemo.AEGiftCardTest" name="size" time="4.290"/>
  <system-out/>
  <testcase classname="aeAssignmentDemo.AEGiftCardTest" name="noOfItems" time="2.129"/>
  <system-out/>
  <testcase classname="aeAssignmentDemo.AEGiftCardTest" name="addBag" time="2.144"/>
  <system-out/>
  <testcase classname="aeAssignmentDemo.AEGiftCardTest" name="viewBag" time="6.160"/>
  <system-out/>
  <testcase classname="aeAssignmentDemo.AEGiftCardTest" name="proceedCheckout" time="10.382"/>
  <system-out/>
  <testcase classname="aeAssignmentDemo.AEGiftCardTest" name="shippingInfo" time="11.805"/>
  <system-out/>
  <testcase classname="aeAssignmentDemo.AEGiftCardTest" name="address" time="4.313"/>
  <system-out/>
  <testcase classname="aeAssignmentDemo.AEGiftCardTest" name="GiftCardInfo" time="11.561"/>
  <system-out/>
  <testcase classname="aeAssignmentDemo.AEGiftCardTest" name="ErrorMessage" time="4.064"/>
  <system-out/>
</testsuite> <!-- aeAssignmentDemo.AEGiftCardTest -->
