<?xml version="1.0" encoding="UTF-8"?>
<!-- Generated by org.testng.reporters.JUnitReportReporter -->
<testsuite hostname="LAPTOP-RT3BFCH1" failures="0" tests="12" name="jovita.ae.Assignment.AESearchGiftCardCheckout" time="64.876" errors="0" timestamp="2022-04-02T13:16:40 EDT" skipped="0">
  <testcase classname="jovita.ae.Assignment.AESearchGiftCardCheckout" name="locateSearch" time="5.613"/>
  <system-out/>
  <testcase classname="jovita.ae.Assignment.AESearchGiftCardCheckout" name="locateProduct" time="7.209"/>
  <system-out/>
  <testcase classname="jovita.ae.Assignment.AESearchGiftCardCheckout" name="selectColor" time="4.289"/>
  <system-out/>
  <testcase classname="jovita.ae.Assignment.AESearchGiftCardCheckout" name="selectSize" time="4.229"/>
  <system-out/>
  <testcase classname="jovita.ae.Assignment.AESearchGiftCardCheckout" name="selectQuantity" time="2.121"/>
  <system-out/>
  <testcase classname="jovita.ae.Assignment.AESearchGiftCardCheckout" name="clickAddToBag" time="2.169"/>
  <system-out/>
  <testcase classname="jovita.ae.Assignment.AESearchGiftCardCheckout" name="clickViewBag" time="2.136"/>
  <system-out/>
  <testcase classname="jovita.ae.Assignment.AESearchGiftCardCheckout" name="proceedToCheckout" time="10.364"/>
  <system-out/>
  <testcase classname="jovita.ae.Assignment.AESearchGiftCardCheckout" name="personalInfo" time="8.781"/>
  <system-out/>
  <testcase classname="jovita.ae.Assignment.AESearchGiftCardCheckout" name="addressInfo" time="2.247"/>
  <system-out/>
  <testcase classname="jovita.ae.Assignment.AESearchGiftCardCheckout" name="giftCardInfo" time="11.640"/>
  <system-out/>
  <testcase classname="jovita.ae.Assignment.AESearchGiftCardCheckout" name="ErrorMessage" time="4.078"/>
  <system-out/>
</testsuite> <!-- jovita.ae.Assignment.AESearchGiftCardCheckout -->
